#
# There is insufficient memory for the Java Runtime Environment to continue.
# Native memory allocation (malloc) failed to allocate 1457696 bytes for Chunk::new
# Possible reasons:
#   The system is out of physical RAM or swap space
#   In 32 bit mode, the process size limit was hit
# Possible solutions:
#   Reduce memory load on the system
#   Increase physical memory or swap space
#   Check if swap backing store is full
#   Use 64 bit Java on a 64 bit OS
#   Decrease Java heap size (-Xmx/-Xms)
#   Decrease number of Java threads
#   Decrease Java thread stack sizes (-Xss)
#   Set larger code cache with -XX:ReservedCodeCacheSize=
# This output file may be truncated or incomplete.
#
#  Out of Memory Error (allocation.cpp:390), pid=8240, tid=0x00000000000055ac
#
# JRE version: Java(TM) SE Runtime Environment (8.0_131-b11) (build 1.8.0_131-b11)
# Java VM: Java HotSpot(TM) 64-Bit Server VM (25.131-b11 mixed mode windows-amd64 compressed oops)
# Failed to write core dump. Minidumps are not enabled by default on client versions of Windows
#

---------------  T H R E A D  ---------------

Current thread (0x0000000019a1e000):  JavaThread "C2 CompilerThread0" daemon [_thread_in_native, id=21932, stack(0x000000001a090000,0x000000001a190000)]

Stack: [0x000000001a090000,0x000000001a190000]
[error occurred during error reporting (printing stack bounds), id 0xc0000005]

Native frames: (J=compiled Java code, j=interpreted, Vv=VM code, C=native code)


Current CompileTask:
C2:   6372 1654   !   4       java.net.URLClassLoader$1::run (63 bytes)


---------------  P R O C E S S  ---------------

Java Threads: ( => current thread )
  0x0000000019b2c000 JavaThread "Monitor Ctrl-Break" daemon [_thread_in_native, id=22512, stack(0x000000001a790000,0x000000001a890000)]
  0x0000000019a2f800 JavaThread "Service Thread" daemon [_thread_blocked, id=22256, stack(0x000000001a490000,0x000000001a590000)]
  0x0000000019a29800 JavaThread "C1 CompilerThread3" daemon [_thread_blocked, id=8084, stack(0x000000001a390000,0x000000001a490000)]
  0x0000000019a25000 JavaThread "C2 CompilerThread2" daemon [_thread_blocked, id=19704, stack(0x000000001a290000,0x000000001a390000)]
  0x0000000019a21000 JavaThread "C2 CompilerThread1" daemon [_thread_in_native, id=14504, stack(0x000000001a190000,0x000000001a290000)]
=>0x0000000019a1e000 JavaThread "C2 CompilerThread0" daemon [_thread_in_native, id=21932, stack(0x000000001a090000,0x000000001a190000)]
  0x0000000019a1b800 JavaThread "Attach Listener" daemon [_thread_blocked, id=21600, stack(0x0000000019f90000,0x000000001a090000)]
  0x00000000199c7800 JavaThread "Signal Dispatcher" daemon [_thread_blocked, id=16548, stack(0x0000000019e90000,0x0000000019f90000)]
  0x0000000002af8800 JavaThread "Finalizer" daemon [_thread_blocked, id=11616, stack(0x0000000019d90000,0x0000000019e90000)]
  0x0000000017a8d000 JavaThread "Reference Handler" daemon [_thread_blocked, id=22296, stack(0x0000000019890000,0x0000000019990000)]
  0x00000000028fe000 JavaThread "main" [_thread_in_Java, id=11872, stack(0x0000000002900000,0x0000000002a00000)]

Other Threads:
  0x0000000017a89000 VMThread [stack: 0x0000000019790000,0x0000000019890000] [id=11892]
  0x0000000019b17000 WatcherThread [stack: 0x000000001a590000,0x000000001a690000] [id=15540]

VM state:not at safepoint (normal execution)

VM Mutex/Monitor currently owned by a thread: None

Heap:
 PSYoungGen      total 38400K, used 30872K [0x00000000d5e00000, 0x00000000da900000, 0x0000000100000000)
  eden space 33280K, 77% used [0x00000000d5e00000,0x00000000d7729250,0x00000000d7e80000)
  from space 5120K, 99% used [0x00000000d8380000,0x00000000d887d028,0x00000000d8880000)
  to   space 5120K, 0% used [0x00000000d7e80000,0x00000000d7e80000,0x00000000d8380000)
 ParOldGen       total 87552K, used 3325K [0x0000000081a00000, 0x0000000086f80000, 0x00000000d5e00000)
  object space 87552K, 3% used [0x0000000081a00000,0x0000000081d3f6d8,0x0000000086f80000)
 Metaspace       used 15420K, capacity 15752K, committed 16128K, reserved 1062912K
  class space    used 1882K, capacity 1974K, committed 2048K, reserved 1048576K

Card table byte_map: [0x0000000011ec0000,0x00000000122c0000] byte_map_base: 0x0000000011ab3000

Marking Bits: (ParMarkBitMap*) 0x000000006a9cc720
 Begin Bits: [0x0000000012d70000, 0x0000000014d08000)
 End Bits:   [0x0000000014d08000, 0x0000000016ca0000)

Polling page: 0x00000000006c0000

CodeCache: size=245760Kb used=6685Kb max_used=6696Kb free=239074Kb
 bounds [0x0000000002b00000, 0x00000000031a0000, 0x0000000011b00000]
 total_blobs=2261 nmethods=1893 adapters=280
 compilation: enabled

Compilation events (10 events):
Event: 6.350 Thread 0x0000000019a29800 nmethod 1891 0x0000000003181850 code [0x00000000031820c0, 0x0000000003187cf8]
Event: 6.350 Thread 0x0000000019a29800 1892       3       java.util.Hashtable::rehash (142 bytes)
Event: 6.351 Thread 0x0000000019a29800 nmethod 1892 0x000000000318b890 code [0x000000000318ba60, 0x000000000318c0a8]
Event: 6.351 Thread 0x0000000019a29800 1893       3       org.apache.maven.model.InputLocation::setLocation (35 bytes)
Event: 6.351 Thread 0x0000000019a29800 nmethod 1893 0x000000000317ff90 code [0x0000000003180120, 0x00000000031805a8]
Event: 6.355 Thread 0x0000000019a25000 nmethod 1894 0x000000000318f810 code [0x000000000318f9a0, 0x0000000003190258]
Event: 6.356 Thread 0x0000000019a25000 1895       4       org.codehaus.plexus.util.xml.pull.MXParser::isWhitespace (116 bytes)
Event: 6.359 Thread 0x0000000019a25000 nmethod 1895 0x000000000317e010 code [0x000000000317e160, 0x000000000317e378]
Event: 6.359 Thread 0x0000000019a25000 1896       4       org.codehaus.plexus.util.xml.pull.MXParser::nextText (103 bytes)
Event: 6.361 Thread 0x0000000019a25000 nmethod 1896 0x000000000318c690 code [0x000000000318c800, 0x000000000318c928]

GC Heap History (4 events):
Event: 3.757 GC heap before
{Heap before GC invocations=1 (full 0):
 PSYoungGen      total 38400K, used 33280K [0x00000000d5e00000, 0x00000000d8880000, 0x0000000100000000)
  eden space 33280K, 100% used [0x00000000d5e00000,0x00000000d7e80000,0x00000000d7e80000)
  from space 5120K, 0% used [0x00000000d8380000,0x00000000d8380000,0x00000000d8880000)
  to   space 5120K, 0% used [0x00000000d7e80000,0x00000000d7e80000,0x00000000d8380000)
 ParOldGen       total 87552K, used 0K [0x0000000081a00000, 0x0000000086f80000, 0x00000000d5e00000)
  object space 87552K, 0% used [0x0000000081a00000,0x0000000081a00000,0x0000000086f80000)
 Metaspace       used 8940K, capacity 9160K, committed 9472K, reserved 1056768K
  class space    used 1097K, capacity 1180K, committed 1280K, reserved 1048576K
Event: 3.771 GC heap after
Heap after GC invocations=1 (full 0):
 PSYoungGen      total 38400K, used 5106K [0x00000000d5e00000, 0x00000000d8880000, 0x0000000100000000)
  eden space 33280K, 0% used [0x00000000d5e00000,0x00000000d5e00000,0x00000000d7e80000)
  from space 5120K, 99% used [0x00000000d7e80000,0x00000000d837ca30,0x00000000d8380000)
  to   space 5120K, 0% used [0x00000000d8380000,0x00000000d8380000,0x00000000d8880000)
 ParOldGen       total 87552K, used 519K [0x0000000081a00000, 0x0000000086f80000, 0x00000000d5e00000)
  object space 87552K, 0% used [0x0000000081a00000,0x0000000081a81d98,0x0000000086f80000)
 Metaspace       used 8940K, capacity 9160K, committed 9472K, reserved 1056768K
  class space    used 1097K, capacity 1180K, committed 1280K, reserved 1048576K
}
Event: 4.954 GC heap before
{Heap before GC invocations=2 (full 0):
 PSYoungGen      total 38400K, used 38386K [0x00000000d5e00000, 0x00000000d8880000, 0x0000000100000000)
  eden space 33280K, 100% used [0x00000000d5e00000,0x00000000d7e80000,0x00000000d7e80000)
  from space 5120K, 99% used [0x00000000d7e80000,0x00000000d837ca30,0x00000000d8380000)
  to   space 5120K, 0% used [0x00000000d8380000,0x00000000d8380000,0x00000000d8880000)
 ParOldGen       total 87552K, used 519K [0x0000000081a00000, 0x0000000086f80000, 0x00000000d5e00000)
  object space 87552K, 0% used [0x0000000081a00000,0x0000000081a81d98,0x0000000086f80000)
 Metaspace       used 12958K, capacity 13210K, committed 13568K, reserved 1060864K
  class space    used 1608K, capacity 1673K, committed 1792K, reserved 1048576K
Event: 4.996 GC heap after
Heap after GC invocations=2 (full 0):
 PSYoungGen      total 38400K, used 5108K [0x00000000d5e00000, 0x00000000da900000, 0x0000000100000000)
  eden space 33280K, 0% used [0x00000000d5e00000,0x00000000d5e00000,0x00000000d7e80000)
  from space 5120K, 99% used [0x00000000d8380000,0x00000000d887d028,0x00000000d8880000)
  to   space 5120K, 0% used [0x00000000d7e80000,0x00000000d7e80000,0x00000000d8380000)
 ParOldGen       total 87552K, used 3325K [0x0000000081a00000, 0x0000000086f80000, 0x00000000d5e00000)
  object space 87552K, 3% used [0x0000000081a00000,0x0000000081d3f6d8,0x0000000086f80000)
 Metaspace       used 12958K, capacity 13210K, committed 13568K, reserved 1060864K
  class space    used 1608K, capacity 1673K, committed 1792K, reserved 1048576K
}

Deoptimization events (10 events):
Event: 6.021 Thread 0x00000000028fe000 Uncommon trap: reason=class_check action=maybe_recompile pc=0x0000000003104ea0 method=java.lang.reflect.Field.get(Ljava/lang/Object;)Ljava/lang/Object; @ 45
Event: 6.021 Thread 0x00000000028fe000 Uncommon trap: reason=class_check action=maybe_recompile pc=0x0000000003104ea0 method=java.lang.reflect.Field.get(Ljava/lang/Object;)Ljava/lang/Object; @ 45
Event: 6.021 Thread 0x00000000028fe000 Uncommon trap: reason=class_check action=maybe_recompile pc=0x0000000003104ea0 method=java.lang.reflect.Field.get(Ljava/lang/Object;)Ljava/lang/Object; @ 45
Event: 6.045 Thread 0x00000000028fe000 Uncommon trap: reason=unstable_if action=reinterpret pc=0x00000000030ec374 method=java.lang.reflect.AccessibleObject.setAccessible0(Ljava/lang/reflect/AccessibleObject;Z)V @ 4
Event: 6.076 Thread 0x00000000028fe000 Uncommon trap: reason=unstable_if action=reinterpret pc=0x000000000308bc8c method=org.codehaus.plexus.util.xml.pull.MXParser.nextImpl()I @ 879
Event: 6.110 Thread 0x00000000028fe000 Uncommon trap: reason=unstable_if action=reinterpret pc=0x000000000311d49c method=java.lang.String.trim()Ljava/lang/String; @ 63
Event: 6.110 Thread 0x00000000028fe000 Uncommon trap: reason=unstable_if action=reinterpret pc=0x00000000030c1710 method=org.codehaus.plexus.util.xml.pull.MXParser.isS(C)Z @ 21
Event: 6.110 Thread 0x00000000028fe000 Uncommon trap: reason=unstable_if action=reinterpret pc=0x00000000030745ec method=org.codehaus.plexus.util.xml.pull.MXParser.isS(C)Z @ 21
Event: 6.145 Thread 0x00000000028fe000 Uncommon trap: reason=null_check action=make_not_entrant pc=0x000000000313cb1c method=org.apache.maven.model.io.xpp3.MavenXpp3ReaderEx.checkFieldWithDuplicate(Lorg/codehaus/plexus/util/xml/pull/XmlPullParser;Ljava/lang/String;Ljava/lang/String;Ljava/util/
Event: 6.236 Thread 0x00000000028fe000 Uncommon trap: reason=unstable_if action=reinterpret pc=0x00000000030955e0 method=java.lang.String.regionMatches(ZILjava/lang/String;II)Z @ 25

Internal exceptions (10 events):
Event: 3.300 Thread 0x00000000028fe000 Exception <a 'java/lang/ArrayIndexOutOfBoundsException'> (0x00000000d72ac458) thrown at [C:\re\workspace\8-2-build-windows-amd64-cygwin\jdk8u131\8869\hotspot\src\share\vm\runtime\sharedRuntime.cpp, line 605]
Event: 3.302 Thread 0x00000000028fe000 Exception <a 'java/lang/ArrayIndexOutOfBoundsException': 24> (0x00000000d72ad6a0) thrown at [C:\re\workspace\8-2-build-windows-amd64-cygwin\jdk8u131\8869\hotspot\src\share\vm\interpreter\interpreterRuntime.cpp, line 366]
Event: 3.302 Thread 0x00000000028fe000 Exception <a 'java/lang/ArrayIndexOutOfBoundsException': 100> (0x00000000d72aef10) thrown at [C:\re\workspace\8-2-build-windows-amd64-cygwin\jdk8u131\8869\hotspot\src\share\vm\interpreter\interpreterRuntime.cpp, line 366]
Event: 3.303 Thread 0x00000000028fe000 Exception <a 'java/lang/ArrayIndexOutOfBoundsException': 86> (0x00000000d72b0560) thrown at [C:\re\workspace\8-2-build-windows-amd64-cygwin\jdk8u131\8869\hotspot\src\share\vm\interpreter\interpreterRuntime.cpp, line 366]
Event: 5.122 Thread 0x00000000028fe000 Exception <a 'java/lang/NoClassDefFoundError': com/google/inject/servlet/ServletModuleTargetVisitor> (0x00000000d61e57b8) thrown at [C:\re\workspace\8-2-build-windows-amd64-cygwin\jdk8u131\8869\hotspot\src\share\vm\classfile\systemDictionary.cpp, line 199
Event: 5.122 Thread 0x00000000028fe000 Exception <a 'java/lang/NoClassDefFoundError'> (0x00000000d61e57b8) thrown at [C:\re\workspace\8-2-build-windows-amd64-cygwin\jdk8u131\8869\hotspot\src\share\vm\prims\jvm.cpp, line 1394]
Event: 5.122 Thread 0x00000000028fe000 Exception <a 'java/lang/NoClassDefFoundError': javax/annotation/Priority> (0x00000000d61ea6a0) thrown at [C:\re\workspace\8-2-build-windows-amd64-cygwin\jdk8u131\8869\hotspot\src\share\vm\classfile\systemDictionary.cpp, line 199]
Event: 5.506 Thread 0x00000000028fe000 Implicit null exception at 0x0000000002d2f256 to 0x0000000002d2f5f9
Event: 5.507 Thread 0x00000000028fe000 Implicit null exception at 0x0000000002d10d16 to 0x0000000002d110c1
Event: 6.145 Thread 0x00000000028fe000 Implicit null exception at 0x000000000313c8b7 to 0x000000000313cb01

Events (10 events):
Event: 6.321 loading class java/math/BigInteger
Event: 6.322 loading class java/math/BigInteger done
Event: 6.324 loading class org/apache/maven/artifact/versioning/ComparableVersion$StringItem
Event: 6.324 loading class org/apache/maven/artifact/versioning/ComparableVersion$StringItem done
Event: 6.325 loading class java/math/MutableBigInteger
Event: 6.325 loading class java/math/MutableBigInteger done
Event: 6.329 loading class org/apache/maven/artifact/DefaultArtifact
Event: 6.329 loading class org/apache/maven/artifact/DefaultArtifact done
Event: 6.340 loading class org/apache/maven/artifact/InvalidArtifactRTException
Event: 6.340 loading class org/apache/maven/artifact/InvalidArtifactRTException done


Dynamic libraries:
0x00007ff7741d0000 - 0x00007ff774207000 	C:\Program Files\Java\jdk1.8.0_131\bin\java.exe
0x00007ffbe5320000 - 0x00007ffbe5501000 	C:\WINDOWS\SYSTEM32\ntdll.dll
0x00007ffbe2b60000 - 0x00007ffbe2c12000 	C:\WINDOWS\System32\KERNEL32.DLL
0x00007ffbe2020000 - 0x00007ffbe2293000 	C:\WINDOWS\System32\KERNELBASE.dll
0x00007ffbe35c0000 - 0x00007ffbe3661000 	C:\WINDOWS\System32\ADVAPI32.dll
0x00007ffbe5160000 - 0x00007ffbe51fe000 	C:\WINDOWS\System32\msvcrt.dll
0x00007ffbe30b0000 - 0x00007ffbe310b000 	C:\WINDOWS\System32\sechost.dll
0x00007ffbe3670000 - 0x00007ffbe3794000 	C:\WINDOWS\System32\RPCRT4.dll
0x00007ffbe2cc0000 - 0x00007ffbe2e50000 	C:\WINDOWS\System32\USER32.dll
0x00007ffbe2790000 - 0x00007ffbe27b0000 	C:\WINDOWS\System32\win32u.dll
0x00007ffbe2a30000 - 0x00007ffbe2a58000 	C:\WINDOWS\System32\GDI32.dll
0x00007ffbe1e00000 - 0x00007ffbe1f92000 	C:\WINDOWS\System32\gdi32full.dll
0x00007ffbe22f0000 - 0x00007ffbe238f000 	C:\WINDOWS\System32\msvcp_win.dll
0x00007ffbe2390000 - 0x00007ffbe248a000 	C:\WINDOWS\System32\ucrtbase.dll
0x00007ffbd6720000 - 0x00007ffbd6989000 	C:\WINDOWS\WinSxS\amd64_microsoft.windows.common-controls_6595b64144ccf1df_6.0.17134.441_none_fb3e9b173068fb23\COMCTL32.dll
0x00007ffbe3850000 - 0x00007ffbe3b72000 	C:\WINDOWS\System32\combase.dll
0x00007ffbe1fa0000 - 0x00007ffbe201a000 	C:\WINDOWS\System32\bcryptPrimitives.dll
0x00007ffbe2880000 - 0x00007ffbe28ad000 	C:\WINDOWS\System32\IMM32.DLL
0x000000006be10000 - 0x000000006bee2000 	C:\Program Files\Java\jdk1.8.0_131\jre\bin\msvcr100.dll
0x000000006a1b0000 - 0x000000006aa4c000 	C:\Program Files\Java\jdk1.8.0_131\jre\bin\server\jvm.dll
0x00007ffbe2810000 - 0x00007ffbe2818000 	C:\WINDOWS\System32\PSAPI.DLL
0x00007ffbdbe30000 - 0x00007ffbdbe3a000 	C:\WINDOWS\SYSTEM32\VERSION.dll
0x00007ffbdd6e0000 - 0x00007ffbdd703000 	C:\WINDOWS\SYSTEM32\WINMM.dll
0x00007ffbdd6b0000 - 0x00007ffbdd6da000 	C:\WINDOWS\SYSTEM32\winmmbase.dll
0x00007ffbbf630000 - 0x00007ffbbf639000 	C:\WINDOWS\SYSTEM32\WSOCK32.dll
0x00007ffbe5280000 - 0x00007ffbe52ec000 	C:\WINDOWS\System32\WS2_32.dll
0x00007ffbe22a0000 - 0x00007ffbe22e9000 	C:\WINDOWS\System32\cfgmgr32.dll
0x000000006be00000 - 0x000000006be0f000 	C:\Program Files\Java\jdk1.8.0_131\jre\bin\verify.dll
0x000000006bdd0000 - 0x000000006bdf9000 	C:\Program Files\Java\jdk1.8.0_131\jre\bin\java.dll
0x000000006bdb0000 - 0x000000006bdc6000 	C:\Program Files\Java\jdk1.8.0_131\jre\bin\zip.dll
0x00007ffbe3b80000 - 0x00007ffbe4fc0000 	C:\WINDOWS\System32\SHELL32.dll
0x00007ffbe37a0000 - 0x00007ffbe3849000 	C:\WINDOWS\System32\shcore.dll
0x00007ffbe16f0000 - 0x00007ffbe1dfd000 	C:\WINDOWS\System32\windows.storage.dll
0x00007ffbe3110000 - 0x00007ffbe3161000 	C:\WINDOWS\System32\shlwapi.dll
0x00007ffbe1680000 - 0x00007ffbe1691000 	C:\WINDOWS\System32\kernel.appcore.dll
0x00007ffbe16b0000 - 0x00007ffbe16cf000 	C:\WINDOWS\System32\profapi.dll
0x00007ffbe1630000 - 0x00007ffbe167c000 	C:\WINDOWS\System32\powrprof.dll
0x00007ffbe16a0000 - 0x00007ffbe16aa000 	C:\WINDOWS\System32\FLTLIB.DLL
0x00007ffbdd490000 - 0x00007ffbdd4a0000 	D:\JetBrains\IntelliJ IDEA 15.0.2\bin\breakgen64.dll
0x000000006bd90000 - 0x000000006bdaa000 	C:\Program Files\Java\jdk1.8.0_131\jre\bin\net.dll
0x00007ffbe0e90000 - 0x00007ffbe0ef6000 	C:\WINDOWS\system32\mswsock.dll
0x00007ffbe1040000 - 0x00007ffbe1057000 	C:\WINDOWS\SYSTEM32\CRYPTSP.dll
0x00007ffbe0a70000 - 0x00007ffbe0aa3000 	C:\WINDOWS\system32\rsaenh.dll
0x00007ffbe1170000 - 0x00007ffbe1195000 	C:\WINDOWS\SYSTEM32\bcrypt.dll
0x00007ffbe1530000 - 0x00007ffbe1558000 	C:\WINDOWS\SYSTEM32\USERENV.dll
0x00007ffbe1060000 - 0x00007ffbe106b000 	C:\WINDOWS\SYSTEM32\CRYPTBASE.dll
0x00007ffbe0c10000 - 0x00007ffbe0c48000 	C:\WINDOWS\SYSTEM32\IPHLPAPI.DLL
0x00007ffbe2e50000 - 0x00007ffbe2e58000 	C:\WINDOWS\System32\NSI.dll
0x00007ffbda3a0000 - 0x00007ffbda3b6000 	C:\WINDOWS\SYSTEM32\dhcpcsvc6.DLL
0x00007ffbda380000 - 0x00007ffbda39a000 	C:\WINDOWS\SYSTEM32\dhcpcsvc.DLL
0x000000006bd70000 - 0x000000006bd81000 	C:\Program Files\Java\jdk1.8.0_131\jre\bin\nio.dll
0x00007ffbdce50000 - 0x00007ffbdce5a000 	C:\Users\yww\AppData\Local\Temp\jansi-1.16-590494502344843400.dll
0x00007ffbd5200000 - 0x00007ffbd520a000 	C:\Users\yww\AppData\Local\Temp\jansi-1.16-4798678576051447283.dll

VM Arguments:
jvm_args: -Dmaven.multiModuleProjectDirectory=E:\Time时空数据资料\shiro\20181003_2\environment -Dmaven.home=D:\apache-maven-3.5.2 -Dclassworlds.conf=D:\apache-maven-3.5.2\bin\m2.conf -Didea.launcher.port=7535 -Didea.launcher.bin.path=D:\JetBrains\IntelliJ IDEA 15.0.2\bin -Dfile.encoding=UTF-8 
java_command: com.intellij.rt.execution.application.AppMain org.codehaus.classworlds.Launcher -Didea.version=15.0.2 -s D:\apache-maven-3.5.2\conf\settings.xml install
java_class_path (initial): D:\apache-maven-3.5.2\boot\plexus-classworlds-2.5.2.jar;D:\JetBrains\IntelliJ IDEA 15.0.2\lib\idea_rt.jar
Launcher Type: SUN_STANDARD

Environment Variables:
JAVA_HOME=C:\Program Files\Java\jdk1.8.0_131
PATH="C:\WINDOWS\system32;C:\WINDOWS;C:\WINDOWS\System32\Wbem;C:\WINDOWS\System32\WindowsPowerShell\v1.0\;";C:\Program Files\Java\jdk1.8.0_131\bin;C:\Program Files\Java\jre1.8.0_131\bin;D:\python;D:\apache-maven-3.5.2\bin;D:\python\Scripts;E:\install\sdk\adt-bundle-windows-x86_64-20140702\sdk\bin;D:\apache tomcat\apache-tomcat-8.0.51\bin;D:\ionic_learning_install\gradle-4.6\bin;D:\Program Files\PostgreSQL\9.6\bin;E:\install\git\Git\cmd;C:\Program Files\nodejs;C:\Program Files\MySQL\MySQL Server 5.7\bin;C:\WINDOWS\system32;C:\WINDOWS;C:\WINDOWS\System32\Wbem;C:\WINDOWS\System32\WindowsPowerShell\v1.0\;C:\WINDOWS\System32\OpenSSH\;C:\Users\yww\AppData\Local\Microsoft\WindowsApps;C:\Users\yww\AppData\Roaming\npm;
USERNAME=yww
OS=Windows_NT
PROCESSOR_IDENTIFIER=Intel64 Family 6 Model 158 Stepping 9, GenuineIntel



---------------  S Y S T E M  ---------------

OS: Windows 10.0 , 64 bit Build 17134 (10.0.17134.1)

CPU:total 8 (initial active 8) (4 cores per cpu, 2 threads per core) family 6 model 158 stepping 9, cmov, cx8, fxsr, mmx, sse, sse2, sse3, ssse3, sse4.1, sse4.2, popcnt, avx, avx2, aes, clmul, erms, 3dnowpref, lzcnt, ht, tsc, tscinvbit, bmi1, bmi2, adx

Memory: 4k page, physical 8278180k(782368k free), swap 16142496k(5524k free)

vm_info: Java HotSpot(TM) 64-Bit Server VM (25.131-b11) for windows-amd64 JRE (1.8.0_131-b11), built on Mar 15 2017 01:23:53 by "java_re" with MS VC++ 10.0 (VS2010)

time: Thu Dec 06 21:00:06 2018
elapsed time: 6 seconds (0d 0h 0m 6s)

